00f7:20
00f8:20
00f9:cb
00fa:03
00fb:4a
00fc:00
00fd:00
00fe:01
00ff:0a
0800:e7
0802:b3
0804:e0
0806:c8
0808:9a
080a:c8
080c:c8
080e:e6
0810:b3
0812:e0
0814:c8
0816:9a
0818:c8
081a:c8
082a:01
082c:94
082e:24
0830:ff
0832:9a
0834:00
0836:fe
0838:00
083a:00
083b:00
083c:00
083d:02
083e:00
083f:01
0840:02
0841:00
0842:00
0843:01
0844:00
0845:00
0846:00
084a:01
084b:00
084c:00
084e:eb
0852:ec
0856:00
085a:00
085e:00
086e:ed
0872:ed
0876:ee
0884:00
0886:a1
088a:23
088e:20
0896:c8
0898:c8
089a:c8
089c:03
089d:03
089e:03
08a7:a1
08ab:00
08c0:37
08c7:33
08d0:c9
08d1:00
08d5:00
08e0:35
08ed:7f
08ef:01
08f0:aa
08f4:aa
0900:27
0909:00
090b:14
090d:a0
0920:00
0952:e6
0954:00
0980:01
0989:57
098b:57
098d:57
098f:57
0991:57
0993:57
0995:6f
0997:6f
0999:6f
0a0c:41
0a10:03
0a11:3b
0a20:00
0a30:00
0a31:00
0a32:00
0a33:00
0a34:00
0a35:00
0a36:00
0a37:00
0a38:00
0a39:00
0a3a:00
0a3b:00
0a3c:00
0a3d:00
0a40:00
0a44:00
0a48:00
0a4c:00
0a50:00
0a54:01
0a58:20
0a5c:00
0a60:00
0a64:00
0a68:00
0a6c:00
0a70:00
0a74:00
0a78:00
0a7c:00
0a80:00
0a81:00
0a82:00
0a83:00
0a84:00
0a85:00
0a86:00
0a88:00
0a8a:00
0a8b:00
0a90:00
0a91:00
0a92:00
0a93:00
0a95:00
0aa0:00
0aa1:00
0b00:00
0b01:00
0b02:00
0c00:00
0c04:00
0c05:00
0c06:00
0c10:00
0c14:00
0c15:00
0c16:00
0c17:00
0c1b:00
0c1f:0a
0c20:e0
0c22:00
0c23:00
0c24:00
0c26:00
0c27:00
0c28:00
0d00:00
0d08:00
0d10:00
0d18:00
0d20:00
0d28:00
0d30:00
0d42:00
0d46:00
0d4a:00
0d4e:00
0e00:00
0e04:ff
0f00:00
1000:80
1010:37
1020:00
1030:64
1040:03
1050:00
1060:04
1070:05
1080:04
1090:00
10a0:00
10b0:00
10c0:5a
10d0:41
10e0:00
10f0:0a
1100:03
2000:30
2008:30
2010:30
2018:30
2020:30
2028:30
2030:30
2100:2b
2108:2b
2110:2b
2118:2b
2120:2b
2128:2b
2130:2b
2200:ff
2208:ff
2210:ff
2218:ff
2220:ff
2228:ff
2230:ff
2301:00
2302:00
2303:00
2305:14
2306:16
2307:0f
2308:14
2309:19
2311:19
2321:00
2322:16
2323:01
2330:00
2331:00
2500:02
2520:01
2521:02
2524:01
2525:00
252f:00
2533:00
2535:02
253a:00
2544:00
2546:00
2548:00
2549:00
27a0:00
27a1:00
27a2:02
27a3:02
27a4:00
27a5:05
27a6:24
27a7:00
27a8:01
27a9:07
27b0:00
27b2:08
27b5:00
27c5:14
27c6:4a
27d3:0a
27d4:02
27d5:00
27d6:00
27d7:00
27d8:00
27e1:01
27e2:32
27e5:00
27e6:41
27e7:0a
27e8:01
27e9:2d
27f1:00
27f2:08
27f5:0c
27f6:19
27f7:19
27f8:fb
27f9:f2
27fa:14
27fb:3c
2900:a9
2902:00
2904:00
2905:06
2906:00
3000:30
3008:30
3010:30
3018:30
3020:30
3028:30
3030:30
3100:2b
3108:2b
3110:2b
3118:2b
3120:2b
3128:2b
3130:2b
3200:2b
3208:2b
3210:2b
3218:2b
3220:2b
3228:2b
3230:2b
3301:04
3302:00
3303:00
3305:14
3306:14
3307:03
3308:14
3309:19
3311:19
3321:00
3322:14
3323:02
3330:00
3331:00
3500:05
3520:00
3521:05
3524:00
3525:00
352f:00
3533:00
3535:02
353a:00
3544:00
3546:00
3548:00
3549:00
37a0:00
37a1:00
37a2:02
37a3:02
37a4:00
37a5:05
37a6:24
37a7:00
37a8:01
37a9:07
37b0:00
37b2:08
37b5:00
37c5:14
37c6:4a
37d3:0e
37d4:00
37d5:00
37d6:00
37d7:00
37d8:00
37e1:01
37e2:32
37e5:00
37e6:41
37e7:0a
37e8:01
37e9:2d
37f1:00
37f2:08
37f5:0c
37f6:19
37f7:19
37f8:fb
37f9:f2
37fa:14
37fb:3c
3900:00
3902:00
3904:06
3905:06
3906:00
4000:30
4008:30
4010:30
4018:30
4020:30
4028:30
4030:30
4100:2b
4108:2b
4110:2b
4118:2b
4120:2b
4128:2b
4130:2b
4200:2b
4208:2b
4210:2b
4218:2b
4220:2b
4228:2b
4230:2b
4301:04
4302:00
4303:00
4305:14
4306:14
4307:03
4308:14
4309:19
4311:19
4321:00
4322:14
4323:02
4330:00
4331:00
4500:05
4520:00
4521:05
4524:00
4525:00
452f:00
4533:00
4535:02
453a:00
4544:00
4546:00
4548:00
4549:00
47a0:00
47a1:00
47a2:02
47a3:02
47a4:00
47a5:05
47a6:24
47a7:00
47a8:01
47a9:07
47b0:00
47b2:08
47b5:00
47c5:14
47c6:4a
47d3:0e
47d4:00
47d5:00
47d6:00
47d7:00
47d8:00
47e1:01
47e2:32
47e5:00
47e6:41
47e7:0a
47e8:01
47e9:2d
47f1:00
47f2:08
47f5:0c
47f6:19
47f7:19
47f8:fb
47f9:f2
47fa:14
47fb:3c
4900:00
4902:00
4904:06
4905:06
4906:00
5300:4a
5512:00
5513:00
5515:00
5523:b1
5525:e2
5527:c0
5530:00
5531:00
5532:04
5556:01
555a:32
555c:00
55ce:00
55cf:00
55d0:40
55d3:00
55dc:00
55dd:01
55de:00
55df:00
55e0:01
55fa:21
55fb:21
55fd:00
55fe:00
55ff:00
5704:01
5706:51
5707:01
5708:3c
570d:00
570e:00
5710:14
5711:00
5713:01
5714:01
5715:01
571e:ff
571f:01
5721:00
5722:01
5723:00
5724:00
5725:00
5726:00
5728:00
5729:00
572e:00
572f:00
5730:02
5731:3c
5735:00
5738:00
5740:00
5741:00
5742:03
5743:4b
5744:14
5745:58
5746:21
5747:7f
5748:25
6300:2e
6301:00
6500:cc
6502:00
650a:00
650c:01
650d:00
6512:00
6513:00
6515:00
6517:00
6550:00
6551:00
6552:00
6553:00
655c:00
6560:00
6564:ff
6566:ff
6568:00
656a:00
656b:01
6571:02
6585:00
65e0:64
6756:00
6758:00
6759:00
675b:00
675e:00
675f:00
6760:0a
6762:02
6763:00
6765:03
6767:28
676c:64
676d:00
676f:64
6771:00
6772:00
6773:00
6900:01
6910:00
7300:03
7301:0a
7302:0a
7303:0a
7310:00
7311:00
7312:00
7313:00
7320:0a
7321:00
7322:00
7323:00
7324:0a
7325:78
7330:02
7332:00
7334:00
7336:00
7340:21
7341:00
7342:00
7343:00
7360:00
738a:00
73b4:00
7500:00
7501:05
7507:f2
7510:00
7519:00
7522:00
752b:00
7534:00
753d:00
7546:00
754f:00
7558:00
7561:00
756c:00
7570:00
7574:00
7580:00
7590:00
7599:81
75a2:06
75ab:00
75b4:06
75bd:00
75c6:00
75cf:00
75d8:00
75e1:00
75ea:00
75f3:00
75fc:00
7605:00
760e:00
7617:00
7620:00
7629:00
7632:00
763b:00
7650:24
7651:00
7652:12
7653:42
7654:01
7656:24
7660:00
7662:30
7663:00
7665:00
7667:00
7670:01
7680:00
7682:00
7684:00
7686:00
7688:00
7700:02
7701:01
772a:00
772d:01
7732:00
7733:01
7734:00
7735:00
7736:00
7737:00
7739:00
773a:00
773b:00
773c:00
773d:05
773e:00
773f:00
774b:00
7750:03
7751:00
7752:00
7753:00
7754:00
776e:32
7776:01
7777:01
7778:01
7779:01
777b:01
777d:00
777e:ff
777f:01
7780:06
7781:01
7782:00
7783:00
7784:00
7785:00
7786:00
7787:0a
7788:00
7789:99
778a:af
778b:00
778c:01
778d:0a
778e:00
778f:00
7790:80
7791:00
7792:4c
7793:00
7794:00
7795:00
7797:00
7798:01
7799:00
779a:00
779b:46
779c:14
779d:00
779e:00
779f:08
7900:c8
7950:00
7951:00
7953:00
7955:00
7957:00
7959:01
795a:00
795c:00
795e:00
7960:01
7961:01
7980:55
7988:7b
7990:00
8666:04
8682:03
8683:05
8684:07
8685:0a
8686:05
8687:07
8688:f0
868e:04
8690:ff
8832:64
8833:ff
8834:ff
8850:00
8851:00
8852:60
8853:02
8854:41
8855:0a
8856:41
8857:0a
8858:4a
8859:14
885a:44
885b:0a
885c:64
885d:64
885f:0c
8860:04
8861:08
8862:07
8863:09
8864:05
8865:04
8866:1e
8867:14
8868:00
8869:00
886a:00
886b:00
886c:00
886d:00
886e:00
886f:00
8870:05
8871:08
8872:14
8873:18
8874:64
8875:0a
8876:3c
8877:00
8878:00
8879:00
887a:00
887b:2a
887c:32
8880:04
8881:08
8882:1e
8883:28
8884:37
8885:00
8886:03
8887:08
8888:00
8889:54
888a:04
888b:08
888c:00
888d:00
888e:00
888f:28
8891:10
88a0:5a
88d0:41
88d1:0a
88d2:00
88d3:00
88d4:01
88d5:00
88d6:01
88d7:01
88d8:02
88d9:04
88da:01
88db:01
88dc:01
88dd:00
88de:00
88df:00
88e0:00
88e1:01
88e2:3c
88e3:00
88e4:00
88e5:3c
88e6:f0
88e7:01
88e8:00
88e9:1c
88ea:06
88eb:00
88ec:00
88ed:0a
88ee:0a
88ef:28
88f0:0a
88f1:2d
88f2:6e
88f3:3c
88f4:0f
88f5:32
88f6:00
88f7:00
a000:07
a009:07
a00f:c0
a011:35
a018:05
a01c:05
a020:00
a03d:35
a100:58
a102:00
a103:00
a10a:00
a129:60
a12b:dd
a132:00
a14f:56
a152:04
a300:00
a302:ff
a303:00
a305:00
a307:f4
a309:78
a30b:00
a340:00
a346:00
a380:00
a382:ff
a383:00
a385:00
a38f:00
a391:f4
a393:78
a395:00
a39b:00
a3c0:88
a3c2:ff
a3c3:ac
a3c5:f8
a400:ff
a401:d0
a403:d0
a405:00
a406:dc
a440:ff
a441:d0
a443:d0
a445:00
a446:00
a480:ff
a481:d0
a483:d0
a485:00
a486:00
af00:00
af02:00
af80:00
c000:39
c007:39
c00e:39
c015:39
c01c:39
c023:39
c02a:39
c031:39
c038:39
c100:ff
c110:ff
c120:ff
c130:ff
c140:ff
c150:ff
c160:ff
c170:ff
c180:ff
cf00:ff
cf01:ff
cf02:ff
cf03:ff
cf04:ff
cf05:ff
cf06:ff
cf07:ff
cf08:ff
cf09:ff
cf0a:ff
cf0b:ff
cf0c:ff
cf0d:ff
cf0e:ff
cf0f:ff
cf10:ff
cf11:ff
cf12:ff
cf13:ff
cf14:ff
cf15:ff
cf16:ff
cf17:ff
cf18:ff
cf19:ff
cf1a:ff
cf1b:ff
cf1c:ff
cf1d:ff
cf1e:ff
cf1f:ff
cf20:ff
cf21:ff
cf22:ff
cf23:ff
cf24:ff
cf25:ff
cf26:ff
cf27:ff
cf28:ff
cf29:ff
cf2a:ff
cf2b:ff
cf2c:ff
cf2d:ff
cf2e:ff
cf2f:ff
cf30:00
cf50:00
cf70:00
cf90:00
cfb0:ff
cfd0:ff
f000:37
f010:37
f020:00
f022:00
f024:00
f026:00
f028:00
f02a:00
f02c:00
f02e:00
ff01:00
ff02:00
ff20:00
ff21:20
ff29:4f
