[2J[;H[H0x00f7 : 0x20 0x20
0x00f8 : 0x20 0xcb
0x00f9 : 0xcb 0x03
0x00fa : 0x03 0x4a
0x00fb : 0x4a 0x00
0x00fc : 0x00 0x00
0x00fd : 0x00 0x01
0x00fe : 0x01 0x0a
0x00ff : 0x0a 0xff
0x0800 : 0xb7 0x00
0x0802 : 0x09 0x01
0x0804 : 0x6b 0x01
0x0806 : 0xc8 0x00
0x0808 : 0x0e 0x01
0x080a : 0xc8 0x00
0x080c : 0xc8 0x00
0x080e : 0xb8 0x00
0x0810 : 0x09 0x01
0x0812 : 0x6b 0x01
0x0814 : 0xc8 0x00
0x0816 : 0x0e 0x01
0x0818 : 0xc8 0x00
0x081a : 0xc8 0x00
0x082a : 0x2b 0x01
0x082c : 0xbc 0x00
0x082e : 0x98 0x02
0x0830 : 0xff 0x03
0x0832 : 0xbb 0x00
0x0834 : 0x00 0x00
0x0836 : 0xff 0x03
0x0838 : 0x00 0x00
0x083a : 0x00 0x00
0x083b : 0x00 0x00
0x083c : 0x00 0x02
0x083d : 0x02 0x00
0x083e : 0x00 0x01
0x083f : 0x01 0x02
0x0840 : 0x02 0x00
0x0841 : 0x00 0x00
0x0842 : 0x00 0x01
0x0843 : 0x01 0x00
0x0844 : 0x00 0x00
0x0845 : 0x00 0x00
0x0846 : 0x00 0xff
0x084a : 0x01 0x00
0x084b : 0x00 0x00
0x084c : 0x00 0xff
0x084e : 0x79 0x55
0x0852 : 0x79 0x55
0x0856 : 0x00 0x00
0x085a : 0x00 0x00
0x085e : 0x00 0x00
0x086e : 0x7a 0x55
0x0872 : 0x7a 0x55
0x0876 : 0xae 0xc0
0x0884 : 0x00 0xff
0x0886 : 0xbf 0xbb
0x088a : 0x26 0x00
0x088e : 0x20 0x13
0x0896 : 0xc8 0x00
0x0898 : 0xc8 0x00
0x089a : 0xc8 0x00
0x089c : 0x03 0x03
0x089d : 0x03 0x03
0x089e : 0x03 0xff
0x08a7 : 0xbf 0xbb
0x08ab : 0x00 0x00
0x08c0 : 0x37 0x35
0x08c7 : 0x33 0x31
0x08d0 : 0xc9 0x00
0x08d1 : 0x00 0x00
0x08d5 : 0x00 0x00
0x08e0 : 0x35 0x30
0x08ed : 0xff 0x07
0x08ef : 0x01 0xaa
0x08f0 : 0xaa 0xbb
0x08f4 : 0xaa 0xbb
0x0900 : 0x27 0xff
0x0909 : 0x00 0x00
0x090b : 0x14 0x00
0x090d : 0xa0 0xa0
0x0920 : 0x00 0x00
0x0952 : 0xb8 0x00
0x0954 : 0x00 0xff
0x0980 : 0x00 0x00
0x0989 : 0xc0 0x01
0x098b : 0xc0 0x01
0x098d : 0xc0 0x01
0x098f : 0xa2 0x01
0x0991 : 0xa2 0x01
0x0993 : 0xa2 0x01
0x0995 : 0xf8 0x05
0x0997 : 0xf8 0x05
0x0999 : 0xf8 0x05
0x0a0c : 0x41 0xff
0x0a10 : 0x01 0x3c
0x0a11 : 0x3c 0xff
0x0a20 : 0x00 0x00
0x0a30 : 0x00 0x00
0x0a31 : 0x00 0x00
0x0a32 : 0x00 0x00
0x0a33 : 0x00 0x00
0x0a34 : 0x00 0x00
0x0a35 : 0x00 0x00
0x0a36 : 0x00 0x00
0x0a37 : 0x00 0x00
0x0a38 : 0x00 0x00
0x0a39 : 0x00 0x00
0x0a3a : 0x00 0x00
0x0a3b : 0x00 0x2d
0x0a3c : 0x2d 0x00
0x0a3d : 0x00 0xff
0x0a40 : 0x00 0x00
0x0a44 : 0x00 0x00
0x0a48 : 0x00 0x00
0x0a4c : 0x00 0x00
0x0a50 : 0x00 0x00
0x0a54 : 0x01 0x11
0x0a58 : 0x20 0xff
0x0a5c : 0x00 0x00
0x0a60 : 0x00 0x00
0x0a64 : 0x00 0x00
0x0a68 : 0x00 0x00
0x0a6c : 0x00 0x00
0x0a70 : 0x00 0x00
0x0a74 : 0x00 0x00
0x0a78 : 0x00 0x00
0x0a7c : 0x00 0x00
0x0a80 : 0x00 0x00
0x0a81 : 0x00 0x00
0x0a82 : 0x00 0x00
0x0a83 : 0x00 0x00
0x0a84 : 0x00 0x00
0x0a85 : 0x00 0x00
0x0a86 : 0x00 0x00
0x0a88 : 0x00 0x00
0x0a8a : 0x00 0x00
0x0a8b : 0x00 0xff
0x0a90 : 0x00 0x00
0x0a91 : 0x00 0x00
0x0a92 : 0x00 0x00
0x0a93 : 0x00 0x00
0x0a95 : 0x00 0xff
0x0aa0 : 0x00 0x00
0x0aa1 : 0x00 0xff
0x0b00 : 0x00 0x00
0x0b01 : 0x00 0x00
0x0b02 : 0x00 0x00
0x0c00 : 0x00 0x00
0x0c04 : 0x00 0x00
0x0c05 : 0x00 0x00
0x0c06 : 0x00 0x00
0x0c10 : 0x00 0x00
0x0c14 : 0x00 0x00
0x0c15 : 0x00 0x00
0x0c16 : 0x00 0x00
0x0c17 : 0x00 0x00
0x0c1b : 0x00 0x00
0x0c1f : 0x0a 0x9c
0x0c20 : 0x9c 0x0a
0x0c22 : 0x00 0x00
0x0c23 : 0x00 0xc1
0x0c24 : 0xc1 0x00
0x0c26 : 0x00 0x03
0x0c27 : 0x03 0x00
0x0c28 : 0x00 0xff
0x0d00 : 0x00 0x00
0x0d08 : 0x00 0x00
0x0d10 : 0x00 0x00
0x0d18 : 0x00 0x00
0x0d20 : 0x00 0x00
0x0d28 : 0x00 0x00
0x0d30 : 0x00 0x00
0x0d42 : 0x00 0x00
0x0d46 : 0x00 0x00
0x0d4a : 0x00 0x00
0x0d4e : 0x00 0x00
0x0e00 : 0x00 0x00
0x0e04 : 0xff 0x00
0x0f00 : 0x00 0xff
0x1000 : 0x80 0x13
0x1010 : 0x37 0x38
0x1020 : 0x00 0x00
0x1030 : 0x64 0x9b
0x1040 : 0x03 0x42
0x1050 : 0x00 0x00
0x1060 : 0x04 0x08
0x1070 : 0x05 0x08
0x1080 : 0x04 0x08
0x1090 : 0x00 0x10
0x10a0 : 0x00 0x00
0x10b0 : 0x00 0x00
0x10c0 : 0x5a 0x32
0x10d0 : 0x41 0x0a
0x10e0 : 0x00 0x01
0x10f0 : 0x0a 0x2d
0x1100 : 0x03 0x42
0x2000 : 0x30 0xb0
0x2008 : 0x30 0xb0
0x2010 : 0x30 0xb0
0x2018 : 0x30 0xb0
0x2020 : 0x30 0xb0
0x2028 : 0x30 0xb0
0x2030 : 0x30 0xb0
0x2100 : 0x2b 0xb0
0x2108 : 0x2b 0xb0
0x2110 : 0x2b 0xb0
0x2118 : 0x2b 0xb0
0x2120 : 0x2b 0xb0
0x2128 : 0x2b 0xb0
0x2130 : 0x2b 0xb0
0x2200 : 0xff 0xff
0x2208 : 0xff 0xff
0x2210 : 0xff 0xff
0x2218 : 0xff 0xff
0x2220 : 0xff 0xff
0x2228 : 0xff 0xff
0x2230 : 0xff 0xff
0x2301 : 0x03 0x00
0x2302 : 0x00 0x00
0x2303 : 0x00 0xff
0x2305 : 0x14 0x17
0x2306 : 0x17 0x17
0x2307 : 0x17 0x14
0x2308 : 0x14 0x19
0x2309 : 0x19 0x70
0x2311 : 0x19 0x70
0x2321 : 0x00 0x17
0x2322 : 0x17 0x02
0x2323 : 0x02 0xff
0x2330 : 0x00 0x00
0x2331 : 0x00 0xff
0x2500 : 0x02 0x01
0x2520 : 0x01 0x02
0x2521 : 0x02 0xff
0x2524 : 0x00 0x00
0x2525 : 0x00 0x00
0x252f : 0x00 0x00
0x2533 : 0x00 0xff
0x2535 : 0x00 0xff
0x253a : 0x00 0xff
0x2544 : 0x27 0x01
0x2546 : 0x27 0x01
0x2548 : 0x00 0x00
0x2549 : 0x00 0xff
0x27a0 : 0x00 0x00
0x27a1 : 0x00 0x02
0x27a2 : 0x02 0x02
0x27a3 : 0x02 0x00
0x27a4 : 0x00 0x05
0x27a5 : 0x05 0x24
0x27a6 : 0x24 0x00
0x27a7 : 0x00 0x01
0x27a8 : 0x01 0x07
0x27a9 : 0x07 0xff
0x27b0 : 0x00 0xff
0x27b2 : 0x08 0xff
0x27b5 : 0x00 0xff
0x27c5 : 0x14 0x4a
0x27c6 : 0x4a 0xff
0x27d3 : 0x0a 0x02
0x27d4 : 0x02 0x00
0x27d5 : 0x00 0x00
0x27d6 : 0x00 0x00
0x27d7 : 0x00 0x00
0x27d8 : 0x00 0xff
0x27e1 : 0x01 0x32
0x27e2 : 0x32 0xff
0x27e5 : 0x00 0x41
0x27e6 : 0x41 0x0a
0x27e7 : 0x0a 0x01
0x27e8 : 0x01 0x2d
0x27e9 : 0x2d 0xff
0x27f1 : 0x00 0x08
0x27f2 : 0x08 0xff
0x27f5 : 0x0c 0x19
0x27f6 : 0x19 0x19
0x27f7 : 0x19 0xfb
0x27f8 : 0xfb 0xf2
0x27f9 : 0xf2 0x14
0x27fa : 0x14 0x3c
0x27fb : 0x3c 0xff
0x2900 : 0x0e 0x01
0x2902 : 0x00 0x00
0x2904 : 0x00 0x06
0x2905 : 0x06 0x01
0x2906 : 0x01 0xff
0x3000 : 0x30 0xb0
0x3008 : 0x30 0xb0
0x3010 : 0x30 0xb0
0x3018 : 0x30 0xb0
0x3020 : 0x30 0xb0
0x3028 : 0x30 0xb0
0x3030 : 0x30 0xb0
0x3100 : 0x2b 0xb0
0x3108 : 0x2b 0xb0
0x3110 : 0x2b 0xb0
0x3118 : 0x2b 0xb0
0x3120 : 0x2b 0xb0
0x3128 : 0x2b 0xb0
0x3130 : 0x2b 0xb0
0x3200 : 0x2b 0xb0
0x3208 : 0x2b 0xb0
0x3210 : 0x2b 0xb0
0x3218 : 0x2b 0xb0
0x3220 : 0x2b 0xb0
0x3228 : 0x2b 0xb0
0x3230 : 0x2b 0xb0
0x3301 : 0x04 0x00
0x3302 : 0x00 0x00
0x3303 : 0x00 0xff
0x3305 : 0x14 0x14
0x3306 : 0x14 0x03
0x3307 : 0x03 0x14
0x3308 : 0x14 0x19
0x3309 : 0x19 0x70
0x3311 : 0x19 0x70
0x3321 : 0x00 0x14
0x3322 : 0x14 0x02
0x3323 : 0x02 0xff
0x3330 : 0x00 0x00
0x3331 : 0x00 0xff
0x3500 : 0x05 0x03
0x3520 : 0x00 0x05
0x3521 : 0x05 0xff
0x3524 : 0x00 0x00
0x3525 : 0x00 0x00
0x352f : 0x00 0x00
0x3533 : 0x00 0xff
0x3535 : 0x00 0xff
0x353a : 0x00 0xff
0x3544 : 0x00 0x00
0x3546 : 0x00 0x00
0x3548 : 0x00 0x00
0x3549 : 0x00 0xff
0x37a0 : 0x00 0x00
0x37a1 : 0x00 0x02
0x37a2 : 0x02 0x02
0x37a3 : 0x02 0x00
0x37a4 : 0x00 0x05
0x37a5 : 0x05 0x24
0x37a6 : 0x24 0x00
0x37a7 : 0x00 0x01
0x37a8 : 0x01 0x07
0x37a9 : 0x07 0xff
0x37b0 : 0x00 0xff
0x37b2 : 0x08 0xff
0x37b5 : 0x00 0xff
0x37c5 : 0x14 0x4a
0x37c6 : 0x4a 0xff
0x37d3 : 0x0e 0x00
0x37d4 : 0x00 0x00
0x37d5 : 0x00 0x00
0x37d6 : 0x00 0x00
0x37d7 : 0x00 0x00
0x37d8 : 0x00 0xff
0x37e1 : 0x01 0x32
0x37e2 : 0x32 0xff
0x37e5 : 0x00 0x41
0x37e6 : 0x41 0x0a
0x37e7 : 0x0a 0x01
0x37e8 : 0x01 0x2d
0x37e9 : 0x2d 0xff
0x37f1 : 0x00 0x08
0x37f2 : 0x08 0xff
0x37f5 : 0x0c 0x19
0x37f6 : 0x19 0x19
0x37f7 : 0x19 0xfb
0x37f8 : 0xfb 0xf2
0x37f9 : 0xf2 0x14
0x37fa : 0x14 0x3c
0x37fb : 0x3c 0xff
0x3900 : 0x00 0x00
0x3902 : 0x00 0x00
0x3904 : 0x06 0x06
0x3905 : 0x06 0x00
0x3906 : 0x00 0xff
0x4000 : 0x30 0xb0
0x4008 : 0x30 0xb0
0x4010 : 0x30 0xb0
0x4018 : 0x30 0xb0
0x4020 : 0x30 0xb0
0x4028 : 0x30 0xb0
0x4030 : 0x30 0xb0
0x4100 : 0x2b 0xb0
0x4108 : 0x2b 0xb0
0x4110 : 0x2b 0xb0
0x4118 : 0x2b 0xb0
0x4120 : 0x2b 0xb0
0x4128 : 0x2b 0xb0
0x4130 : 0x2b 0xb0
0x4200 : 0x2b 0xb0
0x4208 : 0x2b 0xb0
0x4210 : 0x2b 0xb0
0x4218 : 0x2b 0xb0
0x4220 : 0x2b 0xb0
0x4228 : 0x2b 0xb0
0x4230 : 0x2b 0xb0
0x4301 : 0x04 0x00
0x4302 : 0x00 0x00
0x4303 : 0x00 0xff
0x4305 : 0x14 0x14
0x4306 : 0x14 0x03
0x4307 : 0x03 0x14
0x4308 : 0x14 0x19
0x4309 : 0x19 0x70
0x4311 : 0x19 0x70
0x4321 : 0x00 0x14
0x4322 : 0x14 0x02
0x4323 : 0x02 0xff
0x4330 : 0x00 0x00
0x4331 : 0x00 0xff
0x4500 : 0x05 0x03
0x4520 : 0x00 0x05
0x4521 : 0x05 0xff
0x4524 : 0x00 0x00
0x4525 : 0x00 0x00
0x452f : 0x00 0x00
0x4533 : 0x00 0xff
0x4535 : 0x00 0xff
0x453a : 0x00 0xff
0x4544 : 0x00 0x00
0x4546 : 0x00 0x00
0x4548 : 0x00 0x00
0x4549 : 0x00 0xff
0x47a0 : 0x00 0x00
0x47a1 : 0x00 0x02
0x47a2 : 0x02 0x02
0x47a3 : 0x02 0x00
0x47a4 : 0x00 0x05
0x47a5 : 0x05 0x24
0x47a6 : 0x24 0x00
0x47a7 : 0x00 0x01
0x47a8 : 0x01 0x07
0x47a9 : 0x07 0xff
0x47b0 : 0x00 0xff
0x47b2 : 0x08 0xff
0x47b5 : 0x00 0xff
0x47c5 : 0x14 0x4a
0x47c6 : 0x4a 0xff
0x47d3 : 0x0e 0x00
0x47d4 : 0x00 0x00
0x47d5 : 0x00 0x00
0x47d6 : 0x00 0x00
0x47d7 : 0x00 0x00
0x47d8 : 0x00 0xff
0x47e1 : 0x01 0x32
0x47e2 : 0x32 0xff
0x47e5 : 0x00 0x41
0x47e6 : 0x41 0x0a
0x47e7 : 0x0a 0x01
0x47e8 : 0x01 0x2d
0x47e9 : 0x2d 0xff
0x47f1 : 0x00 0x08
0x47f2 : 0x08 0xff
0x47f5 : 0x0c 0x19
0x47f6 : 0x19 0x19
0x47f7 : 0x19 0xfb
0x47f8 : 0xfb 0xf2
0x47f9 : 0xf2 0x14
0x47fa : 0x14 0x3c
0x47fb : 0x3c 0xff
0x4900 : 0x00 0x00
0x4902 : 0x00 0x00
0x4904 : 0x06 0x06
0x4905 : 0x06 0x00
0x4906 : 0x00 0xff
0x5300 : 0x4a 0xff
0x5512 : 0x00 0x00
0x5513 : 0x00 0xff
0x5515 : 0x01 0xff
0x5523 : 0xca 0x00
0x5525 : 0xb8 0x00
0x5527 : 0xc5 0x00
0x5530 : 0x00 0x00
0x5531 : 0x00 0x04
0x5532 : 0x04 0x07
0x5556 : 0x01 0x27
0x555a : 0x27 0x01
0x555c : 0x00 0x00
0x55ce : 0x00 0x00
0x55cf : 0x00 0x40
0x55d0 : 0x40 0x00
0x55d3 : 0x00 0xbb
0x55dc : 0x00 0x01
0x55dd : 0x01 0x00
0x55de : 0x00 0x00
0x55df : 0x00 0x01
0x55e0 : 0x01 0x27
0x55fa : 0x2f 0x2f
0x55fb : 0x2f 0x00
0x55fd : 0x00 0x00
0x55fe : 0x00 0x00
0x55ff : 0x00 0xff
0x5704 : 0x01 0xff
0x5706 : 0x51 0x01
0x5707 : 0x01 0x3c
0x5708 : 0x3c 0xff
0x570d : 0x00 0x00
0x570e : 0x00 0xff
0x5710 : 0x14 0x00
0x5711 : 0x00 0xff
0x5713 : 0x01 0x01
0x5714 : 0x01 0x01
0x5715 : 0x01 0xff
0x571e : 0xff 0x01
0x571f : 0x01 0xff
0x5721 : 0x00 0x01
0x5722 : 0x01 0x00
0x5723 : 0x00 0x00
0x5724 : 0x00 0x00
0x5725 : 0x00 0x00
0x5726 : 0x00 0xff
0x5728 : 0x00 0x00
0x5729 : 0x00 0xff
0x572e : 0x00 0x00
0x572f : 0x00 0x02
0x5730 : 0x02 0x3c
0x5731 : 0x3c 0xff
0x5735 : 0x00 0xff
0x5738 : 0x00 0xff
0x5740 : 0x00 0x00
0x5741 : 0x00 0x03
0x5742 : 0x03 0x4a
0x5743 : 0x4a 0x13
0x5744 : 0x13 0x57
0x5745 : 0x57 0x2f
0x5746 : 0x2f 0x7f
0x5747 : 0x80 0x1d
0x5748 : 0x1d 0xff
0x6300 : 0x1e 0x00
0x6301 : 0x00 0xff
0x6500 : 0x32 0x00
0x6502 : 0x00 0x00
0x650a : 0x00 0xff
0x650c : 0x00 0x00
0x650d : 0x00 0x00
0x6512 : 0x00 0x00
0x6513 : 0x00 0x00
0x6515 : 0x00 0x00
0x6517 : 0x00 0x00
0x6550 : 0x00 0x00
0x6551 : 0x00 0x00
0x6552 : 0x00 0x00
0x6553 : 0x00 0xff
0x655c : 0x00 0x00
0x6560 : 0x00 0x00
0x6564 : 0xff 0x7f
0x6566 : 0xff 0x7f
0x6568 : 0x00 0x00
0x656a : 0x00 0x01
0x656b : 0x01 0x00
0x6571 : 0x02 0x00
0x6585 : 0x00 0xff
0x65e0 : 0x64 0x08
0x6756 : 0x00 0xff
0x6758 : 0x00 0x00
0x6759 : 0x00 0xff
0x675b : 0x00 0xff
0x675e : 0x00 0x00
0x675f : 0x00 0x0a
0x6760 : 0x0a 0xff
0x6762 : 0x02 0x00
0x6763 : 0x00 0xff
0x6765 : 0x03 0xff
0x6767 : 0x28 0xff
0x676c : 0x64 0x00
0x676d : 0x00 0xff
0x676f : 0x64 0xff
0x6771 : 0x00 0x00
0x6772 : 0x00 0x00
0x6773 : 0x00 0xff
0x6900 : 0x01 0xff
0x6910 : 0x00 0xff
0x7300 : 0x03 0x0a
0x7301 : 0x0a 0x0a
0x7302 : 0x0a 0x0a
0x7303 : 0x0a 0xff
0x7310 : 0x00 0x00
0x7311 : 0x00 0x00
0x7312 : 0x00 0x00
0x7313 : 0x00 0xff
0x7320 : 0x0a 0x00
0x7321 : 0x00 0x00
0x7322 : 0x00 0x00
0x7323 : 0x00 0x0a
0x7324 : 0x0a 0x78
0x7325 : 0x78 0xff
0x7330 : 0x02 0x00
0x7332 : 0x00 0x00
0x7334 : 0x00 0x00
0x7336 : 0x00 0x00
0x7340 : 0x21 0x00
0x7341 : 0x00 0x00
0x7342 : 0x00 0x00
0x7343 : 0x00 0xff
0x7360 : 0x00 0x0b
0x738a : 0x00 0x0b
0x73b4 : 0x00 0x0b
0x7500 : 0x00 0x05
0x7501 : 0x05 0x00
0x7507 : 0xf2 0x20
0x7510 : 0x00 0x19
0x7519 : 0x00 0x19
0x7522 : 0x00 0x19
0x752b : 0x00 0x19
0x7534 : 0x00 0x19
0x753d : 0x00 0x19
0x7546 : 0x00 0x19
0x754f : 0x00 0x19
0x7558 : 0x00 0x19
0x7561 : 0x00 0x00
0x756c : 0x00 0x00
0x7570 : 0x00 0x00
0x7574 : 0x00 0x00
0x7580 : 0x00 0xff
0x7590 : 0x00 0x20
0x7599 : 0x81 0x20
0x75a2 : 0x06 0x20
0x75ab : 0x00 0x20
0x75b4 : 0x06 0x20
0x75bd : 0x00 0x19
0x75c6 : 0x00 0x19
0x75cf : 0x00 0x19
0x75d8 : 0x00 0x19
0x75e1 : 0x00 0x19
0x75ea : 0x00 0x19
0x75f3 : 0x00 0x19
0x75fc : 0x00 0x19
0x7605 : 0x00 0x19
0x760e : 0x00 0x19
0x7617 : 0x00 0x19
0x7620 : 0x00 0x19
0x7629 : 0x00 0x19
0x7632 : 0x00 0x19
0x763b : 0x00 0x19
0x7650 : 0x24 0x00
0x7651 : 0x00 0x12
0x7652 : 0x12 0x42
0x7653 : 0x42 0x01
0x7654 : 0x01 0xff
0x7656 : 0x24 0x42
0x7660 : 0x03 0x2d
0x7662 : 0x3d 0x03
0x7663 : 0x03 0x2d
0x7665 : 0x00 0x00
0x7667 : 0x00 0x00
0x7670 : 0x01 0x11
0x7680 : 0x00 0x00
0x7682 : 0x00 0x00
0x7684 : 0x00 0x00
0x7686 : 0x00 0x00
0x7688 : 0x00 0x00
0x7700 : 0x02 0x01
0x7701 : 0x01 0xff
0x772a : 0x00 0xff
0x772d : 0x01 0xff
0x7732 : 0x00 0x01
0x7733 : 0x01 0x00
0x7734 : 0x00 0x00
0x7735 : 0x00 0x00
0x7736 : 0x00 0x00
0x7737 : 0x00 0xff
0x7739 : 0x00 0x00
0x773a : 0x00 0x00
0x773b : 0x00 0x00
0x773c : 0x00 0x05
0x773d : 0x05 0x00
0x773e : 0x00 0x00
0x773f : 0x00 0xff
0x774b : 0x00 0xff
0x7750 : 0x03 0x00
0x7751 : 0x00 0x00
0x7752 : 0x00 0x00
0x7753 : 0x00 0x00
0x7754 : 0x00 0xff
0x776e : 0x32 0xff
0x7776 : 0x01 0x01
0x7777 : 0x01 0x01
0x7778 : 0x01 0x01
0x7779 : 0x01 0xff
0x777b : 0x01 0xff
0x777d : 0x00 0xff
0x777e : 0xff 0x01
0x777f : 0x01 0x06
0x7780 : 0x06 0x01
0x7781 : 0x01 0x00
0x7782 : 0x00 0x00
0x7783 : 0x00 0x00
0x7784 : 0x00 0x00
0x7785 : 0x00 0x00
0x7786 : 0x00 0x0a
0x7787 : 0x0a 0x00
0x7788 : 0x00 0x99
0x7789 : 0x99 0xaf
0x778a : 0xaf 0x00
0x778b : 0x00 0x01
0x778c : 0x01 0x0a
0x778d : 0x0a 0x00
0x778e : 0x00 0x00
0x778f : 0x00 0x80
0x7790 : 0x80 0x00
0x7791 : 0x00 0x4c
0x7792 : 0x4c 0x00
0x7793 : 0x00 0x00
0x7794 : 0x00 0x00
0x7795 : 0x00 0xff
0x7797 : 0x00 0x01
0x7798 : 0x01 0x00
0x7799 : 0x00 0x00
0x779a : 0x00 0x46
0x779b : 0x46 0x14
0x779c : 0x14 0x00
0x779d : 0x00 0x00
0x779e : 0x00 0x08
0x779f : 0x08 0xff
0x7900 : 0xc8 0x78
0x7950 : 0x00 0x00
0x7951 : 0x00 0x00
0x7953 : 0x00 0x00
0x7955 : 0x00 0x00
0x7957 : 0x00 0x00
0x7959 : 0x01 0x00
0x795a : 0x00 0x00
0x795c : 0x00 0x00
0x795e : 0x00 0x00
0x7960 : 0x01 0x01
0x7961 : 0x01 0xff
0x7980 : 0x55 0x11
0x7988 : 0x7b 0x11
0x7990 : 0x00 0xff
0x8666 : 0x04 0xff
0x8682 : 0x03 0x05
0x8683 : 0x05 0x07
0x8684 : 0x07 0x0a
0x8685 : 0x0a 0x05
0x8686 : 0x05 0x07
0x8687 : 0x07 0x18
0x8688 : 0x18 0x13
0x868e : 0x04 0xff
0x8690 : 0xff 0xff
0x8832 : 0x64 0xff
0x8833 : 0xff 0xff
0x8834 : 0xff 0xff
0x8850 : 0x00 0x00
0x8851 : 0x00 0x60
0x8852 : 0x60 0x02
0x8853 : 0x02 0x41
0x8854 : 0x41 0x0a
0x8855 : 0x0a 0x41
0x8856 : 0x41 0x0a
0x8857 : 0x0a 0x4a
0x8858 : 0x4a 0x14
0x8859 : 0x14 0x44
0x885a : 0x44 0x0a
0x885b : 0x0a 0x64
0x885c : 0x64 0x64
0x885d : 0x64 0xff
0x885f : 0x0c 0x04
0x8860 : 0x04 0x08
0x8861 : 0x08 0x07
0x8862 : 0x07 0x09
0x8863 : 0x09 0x05
0x8864 : 0x05 0x04
0x8865 : 0x04 0x1e
0x8866 : 0x1e 0x14
0x8867 : 0x14 0x00
0x8868 : 0x00 0x00
0x8869 : 0x00 0x00
0x886a : 0x00 0x00
0x886b : 0x00 0x00
0x886c : 0x00 0x00
0x886d : 0x00 0x00
0x886e : 0x00 0x00
0x886f : 0x00 0x05
0x8870 : 0x05 0x08
0x8871 : 0x08 0x14
0x8872 : 0x14 0x18
0x8873 : 0x18 0x64
0x8874 : 0x64 0x0a
0x8875 : 0x0a 0x3c
0x8876 : 0x3c 0x00
0x8877 : 0x00 0x00
0x8878 : 0x00 0x00
0x8879 : 0x00 0x00
0x887a : 0x00 0x2a
0x887b : 0x2a 0x32
0x887c : 0x32 0xff
0x8880 : 0x04 0x08
0x8881 : 0x08 0x1e
0x8882 : 0x1e 0x28
0x8883 : 0x28 0x37
0x8884 : 0x37 0x00
0x8885 : 0x00 0x03
0x8886 : 0x03 0x08
0x8887 : 0x08 0x00
0x8888 : 0x00 0x54
0x8889 : 0x54 0x04
0x888a : 0x04 0x08
0x888b : 0x08 0x00
0x888c : 0x00 0x00
0x888d : 0x00 0x00
0x888e : 0x00 0x28
0x888f : 0x28 0xff
0x8891 : 0x10 0x19
0x88a0 : 0x5a 0x32
0x88d0 : 0x41 0x0a
0x88d1 : 0x0a 0x00
0x88d2 : 0x00 0x00
0x88d3 : 0x00 0x01
0x88d4 : 0x01 0x00
0x88d5 : 0x00 0x01
0x88d6 : 0x01 0x01
0x88d7 : 0x01 0x02
0x88d8 : 0x02 0x04
0x88d9 : 0x04 0x01
0x88da : 0x01 0x01
0x88db : 0x01 0x01
0x88dc : 0x01 0x00
0x88dd : 0x00 0x00
0x88de : 0x00 0x00
0x88df : 0x00 0x00
0x88e0 : 0x00 0x01
0x88e1 : 0x01 0x3c
0x88e2 : 0x3c 0x00
0x88e3 : 0x00 0x00
0x88e4 : 0x00 0x3c
0x88e5 : 0x3c 0xf0
0x88e6 : 0xf0 0x01
0x88e7 : 0x01 0x00
0x88e8 : 0x00 0x1c
0x88e9 : 0x1c 0x06
0x88ea : 0x06 0x00
0x88eb : 0x00 0x00
0x88ec : 0x00 0x0a
0x88ed : 0x0a 0x0a
0x88ee : 0x0a 0x28
0x88ef : 0x28 0x0a
0x88f0 : 0x0a 0x2d
0x88f1 : 0x2d 0x6e
0x88f2 : 0x6e 0x3c
0x88f3 : 0x3c 0x0f
0x88f4 : 0x0f 0x32
0x88f5 : 0x32 0x00
0x88f6 : 0x00 0x00
0x88f7 : 0x00 0xff
0xa000 : 0x07 0x00
0xa009 : 0x07 0x00
0xa00f : 0xc0 0x00
0xa011 : 0x35 0x30
0xa018 : 0x05 0x13
0xa01c : 0x05 0x31
0xa020 : 0x00 0x00
0xa03d : 0x35 0x30
0xa100 : 0x58 0x02
0xa102 : 0x00 0x00
0xa103 : 0x00 0x00
0xa10a : 0x00 0x00
0xa129 : 0x30 0x07
0xa12b : 0xdd 0x07
0xa132 : 0x00 0x00
0xa14f : 0x30 0x07
0xa152 : 0xb0 0x24
0xa300 : 0x00 0xff
0xa302 : 0x01 0x86
0xa303 : 0x86 0x0b
0xa305 : 0x00 0x00
0xa307 : 0x86 0x0b
0xa309 : 0x8c 0x0a
0xa30b : 0x00 0x00
0xa340 : 0x00 0x00
0xa346 : 0x86 0x0b
0xa380 : 0x00 0xff
0xa382 : 0xff 0x00
0xa383 : 0x00 0x00
0xa385 : 0x00 0x00
0xa38f : 0x00 0x00
0xa391 : 0x86 0x0b
0xa393 : 0x8c 0x0a
0xa395 : 0x00 0x00
0xa39b : 0x00 0x00
0xa3c0 : 0x88 0x13
0xa3c2 : 0xff 0x24
0xa3c3 : 0x24 0x0e
0xa3c5 : 0xf4 0x01
0xa400 : 0xff 0xd0
0xa401 : 0xd0 0x07
0xa403 : 0xd0 0x07
0xa405 : 0x00 0xfc
0xa406 : 0xfc 0x08
0xa440 : 0xff 0xd0
0xa441 : 0xd0 0x07
0xa443 : 0xd0 0x07
0xa445 : 0x00 0x00
0xa446 : 0x00 0x00
0xa480 : 0xff 0xd0
0xa481 : 0xd0 0x07
0xa483 : 0xd0 0x07
0xa485 : 0x00 0x00
0xa486 : 0x00 0x00
0xaf00 : 0x00 0x00
0xaf02 : 0x00 0x00
0xaf80 : 0x00 0xff
0xc000 : 0x39 0x39
0xc007 : 0x39 0x39
0xc00e : 0x39 0x39
0xc015 : 0x39 0x39
0xc01c : 0x39 0x39
0xc023 : 0x39 0x39
0xc02a : 0x39 0x39
0xc031 : 0x39 0x39
0xc038 : 0x39 0x39
0xc100 : 0xff 0xff
0xc110 : 0xff 0xff
0xc120 : 0xff 0xff
0xc130 : 0xff 0xff
0xc140 : 0xff 0xff
0xc150 : 0xff 0xff
0xc160 : 0xff 0xff
0xc170 : 0xff 0xff
0xc180 : 0xff 0xff
0xcf00 : 0xff 0xff
0xcf01 : 0xff 0xff
0xcf02 : 0xff 0xff
0xcf03 : 0xff 0xff
0xcf04 : 0xff 0xff
0xcf05 : 0xff 0xff
0xcf06 : 0xff 0xff
0xcf07 : 0xff 0xff
0xcf08 : 0xff 0xff
0xcf09 : 0xff 0xff
0xcf0a : 0xff 0xff
0xcf0b : 0xff 0xff
0xcf0c : 0xff 0xff
0xcf0d : 0xff 0xff
0xcf0e : 0xff 0xff
0xcf0f : 0xff 0xff
0xcf10 : 0xff 0xff
0xcf11 : 0xff 0xff
0xcf12 : 0xff 0xff
0xcf13 : 0xff 0xff
0xcf14 : 0xff 0xff
0xcf15 : 0xff 0xff
0xcf16 : 0xff 0xff
0xcf17 : 0xff 0xff
0xcf18 : 0xff 0xff
0xcf19 : 0xff 0xff
0xcf1a : 0xff 0xff
0xcf1b : 0xff 0xff
0xcf1c : 0xff 0xff
0xcf1d : 0xff 0xff
0xcf1e : 0xff 0xff
0xcf1f : 0xff 0xff
0xcf20 : 0xff 0xff
0xcf21 : 0xff 0xff
0xcf22 : 0xff 0xff
0xcf23 : 0xff 0xff
0xcf24 : 0xff 0xff
0xcf25 : 0xff 0xff
0xcf26 : 0xff 0xff
0xcf27 : 0xff 0xff
0xcf28 : 0xff 0xff
0xcf29 : 0xff 0xff
0xcf2a : 0xff 0xff
0xcf2b : 0xff 0xff
0xcf2c : 0xff 0xff
0xcf2d : 0xff 0xff
0xcf2e : 0xff 0xff
0xcf2f : 0xff 0x00
0xcf30 : 0x00 0x00
0xcf50 : 0x00 0x00
0xcf70 : 0x00 0x00
0xcf90 : 0x00 0x00
0xcfb0 : 0xff 0xff
0xcfd0 : 0xff 0xff
0xf000 : 0x37 0x35
0xf010 : 0x37 0x34
0xf020 : 0x00 0x00
0xf022 : 0x00 0x00
0xf024 : 0x00 0x00
0xf026 : 0x00 0x00
0xf028 : 0x00 0x00
0xf02a : 0x00 0x00
0xf02c : 0x00 0x00
0xf02e : 0x00 0x00
0xff01 : 0x00 0x00
0xff02 : 0x00 0xff
0xff20 : 0x00 0x20
0xff21 : 0x20 0x13
0xff29 : 0xb4 0xff
